[0.039s] DEBUG:colcon:Command line arguments: ['/usr/bin/colcon', 'build']
[0.039s] DEBUG:colcon:Parsed command line arguments: Namespace(log_base=None, log_level=None, verb_name='build', build_base='build', install_base='install', merge_install=False, symlink_install=False, test_result_base=None, continue_on_error=False, executor='sequential', event_handlers=None, base_paths=['.'], paths=None, cmake_args=None, cmake_target=None, cmake_target_skip_unavailable=False, cmake_clean_cache=False, cmake_clean_first=False, cmake_force_configure=False, ament_cmake_args=None, catkin_cmake_args=None, catkin_skip_building_tests=False, verb_parser=CustomArgumentParser(prog='colcon build', usage=None, description='Build a set of packages.', formatter_class=<class 'colcon_core.command.CustomFormatter'>, conflict_handler='error', add_help=True), verb_extension=<colcon_core.verb.build.BuildVerb object at 0x7a569fd9feb0>, main=<bound method BuildVerb.main of <colcon_core.verb.build.BuildVerb object at 0x7a569fd9feb0>>)
[0.148s] Level 1:colcon.colcon_core.package_discovery:discover_packages(recursive) check parameters
[0.149s] Level 1:colcon.colcon_core.package_discovery:discover_packages(path) check parameters
[0.149s] Level 1:colcon.colcon_core.package_discovery:discover_packages(recursive) discover
[0.149s] INFO:colcon.colcon_core.package_discovery:Crawling recursively for packages in '/home/nxh/ros2_demo2'
[0.149s] Level 1:colcon.colcon_core.package_identification:_identify(.) by extensions ['ignore', 'ignore_ament_install']
[0.149s] Level 1:colcon.colcon_core.package_identification:_identify(.) by extension 'ignore'
[0.149s] Level 1:colcon.colcon_core.package_identification:_identify(.) by extension 'ignore_ament_install'
[0.149s] Level 1:colcon.colcon_core.package_identification:_identify(.) by extensions ['ros']
[0.149s] Level 1:colcon.colcon_core.package_identification:_identify(.) by extension 'ros'
[0.155s] Level 1:colcon.colcon_core.package_identification:_identify(.) by extensions ['cmake', 'python']
[0.156s] Level 1:colcon.colcon_core.package_identification:_identify(.) by extension 'cmake'
[0.156s] Level 1:colcon.colcon_core.package_identification:_identify(.) by extension 'python'
[0.156s] Level 1:colcon.colcon_core.package_identification:_identify(.) by extensions ['python_setup_py']
[0.156s] Level 1:colcon.colcon_core.package_identification:_identify(.) by extension 'python_setup_py'
[0.156s] Level 1:colcon.colcon_core.package_identification:_identify(build) by extensions ['ignore', 'ignore_ament_install']
[0.156s] Level 1:colcon.colcon_core.package_identification:_identify(build) by extension 'ignore'
[0.156s] Level 1:colcon.colcon_core.package_identification:_identify(build) ignored
[0.156s] Level 1:colcon.colcon_core.package_identification:_identify(install) by extensions ['ignore', 'ignore_ament_install']
[0.156s] Level 1:colcon.colcon_core.package_identification:_identify(install) by extension 'ignore'
[0.156s] Level 1:colcon.colcon_core.package_identification:_identify(install) ignored
[0.156s] Level 1:colcon.colcon_core.package_identification:_identify(log) by extensions ['ignore', 'ignore_ament_install']
[0.156s] Level 1:colcon.colcon_core.package_identification:_identify(log) by extension 'ignore'
[0.156s] Level 1:colcon.colcon_core.package_identification:_identify(log) ignored
[0.156s] Level 1:colcon.colcon_core.package_identification:_identify(src) by extensions ['ignore', 'ignore_ament_install']
[0.156s] Level 1:colcon.colcon_core.package_identification:_identify(src) by extension 'ignore'
[0.156s] Level 1:colcon.colcon_core.package_identification:_identify(src) by extension 'ignore_ament_install'
[0.156s] Level 1:colcon.colcon_core.package_identification:_identify(src) by extensions ['ros']
[0.156s] Level 1:colcon.colcon_core.package_identification:_identify(src) by extension 'ros'
[0.156s] Level 1:colcon.colcon_core.package_identification:_identify(src) by extensions ['cmake', 'python']
[0.156s] Level 1:colcon.colcon_core.package_identification:_identify(src) by extension 'cmake'
[0.156s] Level 1:colcon.colcon_core.package_identification:_identify(src) by extension 'python'
[0.156s] Level 1:colcon.colcon_core.package_identification:_identify(src) by extensions ['python_setup_py']
[0.156s] Level 1:colcon.colcon_core.package_identification:_identify(src) by extension 'python_setup_py'
[0.156s] Level 1:colcon.colcon_core.package_identification:_identify(src/demo_coo_qt2) by extensions ['ignore', 'ignore_ament_install']
[0.156s] Level 1:colcon.colcon_core.package_identification:_identify(src/demo_coo_qt2) by extension 'ignore'
[0.156s] Level 1:colcon.colcon_core.package_identification:_identify(src/demo_coo_qt2) by extension 'ignore_ament_install'
[0.156s] Level 1:colcon.colcon_core.package_identification:_identify(src/demo_coo_qt2) by extensions ['ros']
[0.157s] Level 1:colcon.colcon_core.package_identification:_identify(src/demo_coo_qt2) by extension 'ros'
[0.158s] DEBUG:colcon.colcon_core.package_identification:Package 'src/demo_coo_qt2' with type 'ros.ament_cmake' and name 'demo_coo_qt2'
[0.158s] Level 1:colcon.colcon_core.package_identification:_identify(src/demo_cpp_qt1) by extensions ['ignore', 'ignore_ament_install']
[0.158s] Level 1:colcon.colcon_core.package_identification:_identify(src/demo_cpp_qt1) by extension 'ignore'
[0.158s] Level 1:colcon.colcon_core.package_identification:_identify(src/demo_cpp_qt1) by extension 'ignore_ament_install'
[0.158s] Level 1:colcon.colcon_core.package_identification:_identify(src/demo_cpp_qt1) by extensions ['ros']
[0.158s] Level 1:colcon.colcon_core.package_identification:_identify(src/demo_cpp_qt1) by extension 'ros'
[0.159s] DEBUG:colcon.colcon_core.package_identification:Package 'src/demo_cpp_qt1' with type 'ros.ament_cmake' and name 'demo_cpp_qt1'
[0.159s] Level 1:colcon.colcon_core.package_identification:_identify(src/demo_cpp_qt2) by extensions ['ignore', 'ignore_ament_install']
[0.159s] Level 1:colcon.colcon_core.package_identification:_identify(src/demo_cpp_qt2) by extension 'ignore'
[0.159s] Level 1:colcon.colcon_core.package_identification:_identify(src/demo_cpp_qt2) by extension 'ignore_ament_install'
[0.159s] Level 1:colcon.colcon_core.package_identification:_identify(src/demo_cpp_qt2) by extensions ['ros']
[0.159s] Level 1:colcon.colcon_core.package_identification:_identify(src/demo_cpp_qt2) by extension 'ros'
[0.159s] DEBUG:colcon.colcon_core.package_identification:Package 'src/demo_cpp_qt2' with type 'ros.ament_cmake' and name 'demo_cpp_qt2'
[0.159s] Level 1:colcon.colcon_core.package_identification:_identify(src/demo_cpp_topic) by extensions ['ignore', 'ignore_ament_install']
[0.159s] Level 1:colcon.colcon_core.package_identification:_identify(src/demo_cpp_topic) by extension 'ignore'
[0.159s] Level 1:colcon.colcon_core.package_identification:_identify(src/demo_cpp_topic) by extension 'ignore_ament_install'
[0.159s] Level 1:colcon.colcon_core.package_identification:_identify(src/demo_cpp_topic) by extensions ['ros']
[0.159s] Level 1:colcon.colcon_core.package_identification:_identify(src/demo_cpp_topic) by extension 'ros'
[0.160s] DEBUG:colcon.colcon_core.package_identification:Package 'src/demo_cpp_topic' with type 'ros.ament_cmake' and name 'demo_cpp_topic'
[0.160s] Level 1:colcon.colcon_core.package_identification:_identify(src/demo_interface) by extensions ['ignore', 'ignore_ament_install']
[0.160s] Level 1:colcon.colcon_core.package_identification:_identify(src/demo_interface) by extension 'ignore'
[0.160s] Level 1:colcon.colcon_core.package_identification:_identify(src/demo_interface) by extension 'ignore_ament_install'
[0.160s] Level 1:colcon.colcon_core.package_identification:_identify(src/demo_interface) by extensions ['ros']
[0.160s] Level 1:colcon.colcon_core.package_identification:_identify(src/demo_interface) by extension 'ros'
[0.160s] DEBUG:colcon.colcon_core.package_identification:Package 'src/demo_interface' with type 'ros.ament_cmake' and name 'demo_interface'
[0.160s] Level 1:colcon.colcon_core.package_discovery:discover_packages(recursive) using defaults
[0.160s] Level 1:colcon.colcon_core.package_discovery:discover_packages(path) discover
[0.160s] Level 1:colcon.colcon_core.package_discovery:discover_packages(path) using defaults
[0.177s] Level 5:colcon.colcon_core.verb:set package 'demo_cpp_topic' build argument 'cmake_args' from command line to 'None'
[0.177s] Level 5:colcon.colcon_core.verb:set package 'demo_cpp_topic' build argument 'cmake_target' from command line to 'None'
[0.178s] Level 5:colcon.colcon_core.verb:set package 'demo_cpp_topic' build argument 'cmake_target_skip_unavailable' from command line to 'False'
[0.178s] Level 5:colcon.colcon_core.verb:set package 'demo_cpp_topic' build argument 'cmake_clean_cache' from command line to 'False'
[0.178s] Level 5:colcon.colcon_core.verb:set package 'demo_cpp_topic' build argument 'cmake_clean_first' from command line to 'False'
[0.178s] Level 5:colcon.colcon_core.verb:set package 'demo_cpp_topic' build argument 'cmake_force_configure' from command line to 'False'
[0.178s] Level 5:colcon.colcon_core.verb:set package 'demo_cpp_topic' build argument 'ament_cmake_args' from command line to 'None'
[0.178s] Level 5:colcon.colcon_core.verb:set package 'demo_cpp_topic' build argument 'catkin_cmake_args' from command line to 'None'
[0.178s] Level 5:colcon.colcon_core.verb:set package 'demo_cpp_topic' build argument 'catkin_skip_building_tests' from command line to 'False'
[0.178s] DEBUG:colcon.colcon_core.verb:Building package 'demo_cpp_topic' with the following arguments: {'ament_cmake_args': None, 'build_base': '/home/nxh/ros2_demo2/build/demo_cpp_topic', 'catkin_cmake_args': None, 'catkin_skip_building_tests': False, 'cmake_args': None, 'cmake_clean_cache': False, 'cmake_clean_first': False, 'cmake_force_configure': False, 'cmake_target': None, 'cmake_target_skip_unavailable': False, 'install_base': '/home/nxh/ros2_demo2/install/demo_cpp_topic', 'merge_install': False, 'path': '/home/nxh/ros2_demo2/src/demo_cpp_topic', 'symlink_install': False, 'test_result_base': None}
[0.178s] Level 5:colcon.colcon_core.verb:set package 'demo_interface' build argument 'cmake_args' from command line to 'None'
[0.178s] Level 5:colcon.colcon_core.verb:set package 'demo_interface' build argument 'cmake_target' from command line to 'None'
[0.178s] Level 5:colcon.colcon_core.verb:set package 'demo_interface' build argument 'cmake_target_skip_unavailable' from command line to 'False'
[0.178s] Level 5:colcon.colcon_core.verb:set package 'demo_interface' build argument 'cmake_clean_cache' from command line to 'False'
[0.178s] Level 5:colcon.colcon_core.verb:set package 'demo_interface' build argument 'cmake_clean_first' from command line to 'False'
[0.178s] Level 5:colcon.colcon_core.verb:set package 'demo_interface' build argument 'cmake_force_configure' from command line to 'False'
[0.178s] Level 5:colcon.colcon_core.verb:set package 'demo_interface' build argument 'ament_cmake_args' from command line to 'None'
[0.178s] Level 5:colcon.colcon_core.verb:set package 'demo_interface' build argument 'catkin_cmake_args' from command line to 'None'
[0.178s] Level 5:colcon.colcon_core.verb:set package 'demo_interface' build argument 'catkin_skip_building_tests' from command line to 'False'
[0.178s] DEBUG:colcon.colcon_core.verb:Building package 'demo_interface' with the following arguments: {'ament_cmake_args': None, 'build_base': '/home/nxh/ros2_demo2/build/demo_interface', 'catkin_cmake_args': None, 'catkin_skip_building_tests': False, 'cmake_args': None, 'cmake_clean_cache': False, 'cmake_clean_first': False, 'cmake_force_configure': False, 'cmake_target': None, 'cmake_target_skip_unavailable': False, 'install_base': '/home/nxh/ros2_demo2/install/demo_interface', 'merge_install': False, 'path': '/home/nxh/ros2_demo2/src/demo_interface', 'symlink_install': False, 'test_result_base': None}
[0.178s] Level 5:colcon.colcon_core.verb:set package 'demo_coo_qt2' build argument 'cmake_args' from command line to 'None'
[0.178s] Level 5:colcon.colcon_core.verb:set package 'demo_coo_qt2' build argument 'cmake_target' from command line to 'None'
[0.178s] Level 5:colcon.colcon_core.verb:set package 'demo_coo_qt2' build argument 'cmake_target_skip_unavailable' from command line to 'False'
[0.178s] Level 5:colcon.colcon_core.verb:set package 'demo_coo_qt2' build argument 'cmake_clean_cache' from command line to 'False'
[0.178s] Level 5:colcon.colcon_core.verb:set package 'demo_coo_qt2' build argument 'cmake_clean_first' from command line to 'False'
[0.178s] Level 5:colcon.colcon_core.verb:set package 'demo_coo_qt2' build argument 'cmake_force_configure' from command line to 'False'
[0.178s] Level 5:colcon.colcon_core.verb:set package 'demo_coo_qt2' build argument 'ament_cmake_args' from command line to 'None'
[0.178s] Level 5:colcon.colcon_core.verb:set package 'demo_coo_qt2' build argument 'catkin_cmake_args' from command line to 'None'
[0.178s] Level 5:colcon.colcon_core.verb:set package 'demo_coo_qt2' build argument 'catkin_skip_building_tests' from command line to 'False'
[0.178s] DEBUG:colcon.colcon_core.verb:Building package 'demo_coo_qt2' with the following arguments: {'ament_cmake_args': None, 'build_base': '/home/nxh/ros2_demo2/build/demo_coo_qt2', 'catkin_cmake_args': None, 'catkin_skip_building_tests': False, 'cmake_args': None, 'cmake_clean_cache': False, 'cmake_clean_first': False, 'cmake_force_configure': False, 'cmake_target': None, 'cmake_target_skip_unavailable': False, 'install_base': '/home/nxh/ros2_demo2/install/demo_coo_qt2', 'merge_install': False, 'path': '/home/nxh/ros2_demo2/src/demo_coo_qt2', 'symlink_install': False, 'test_result_base': None}
[0.179s] Level 5:colcon.colcon_core.verb:set package 'demo_cpp_qt1' build argument 'cmake_args' from command line to 'None'
[0.179s] Level 5:colcon.colcon_core.verb:set package 'demo_cpp_qt1' build argument 'cmake_target' from command line to 'None'
[0.179s] Level 5:colcon.colcon_core.verb:set package 'demo_cpp_qt1' build argument 'cmake_target_skip_unavailable' from command line to 'False'
[0.179s] Level 5:colcon.colcon_core.verb:set package 'demo_cpp_qt1' build argument 'cmake_clean_cache' from command line to 'False'
[0.179s] Level 5:colcon.colcon_core.verb:set package 'demo_cpp_qt1' build argument 'cmake_clean_first' from command line to 'False'
[0.179s] Level 5:colcon.colcon_core.verb:set package 'demo_cpp_qt1' build argument 'cmake_force_configure' from command line to 'False'
[0.179s] Level 5:colcon.colcon_core.verb:set package 'demo_cpp_qt1' build argument 'ament_cmake_args' from command line to 'None'
[0.179s] Level 5:colcon.colcon_core.verb:set package 'demo_cpp_qt1' build argument 'catkin_cmake_args' from command line to 'None'
[0.179s] Level 5:colcon.colcon_core.verb:set package 'demo_cpp_qt1' build argument 'catkin_skip_building_tests' from command line to 'False'
[0.179s] DEBUG:colcon.colcon_core.verb:Building package 'demo_cpp_qt1' with the following arguments: {'ament_cmake_args': None, 'build_base': '/home/nxh/ros2_demo2/build/demo_cpp_qt1', 'catkin_cmake_args': None, 'catkin_skip_building_tests': False, 'cmake_args': None, 'cmake_clean_cache': False, 'cmake_clean_first': False, 'cmake_force_configure': False, 'cmake_target': None, 'cmake_target_skip_unavailable': False, 'install_base': '/home/nxh/ros2_demo2/install/demo_cpp_qt1', 'merge_install': False, 'path': '/home/nxh/ros2_demo2/src/demo_cpp_qt1', 'symlink_install': False, 'test_result_base': None}
[0.179s] Level 5:colcon.colcon_core.verb:set package 'demo_cpp_qt2' build argument 'cmake_args' from command line to 'None'
[0.179s] Level 5:colcon.colcon_core.verb:set package 'demo_cpp_qt2' build argument 'cmake_target' from command line to 'None'
[0.179s] Level 5:colcon.colcon_core.verb:set package 'demo_cpp_qt2' build argument 'cmake_target_skip_unavailable' from command line to 'False'
[0.179s] Level 5:colcon.colcon_core.verb:set package 'demo_cpp_qt2' build argument 'cmake_clean_cache' from command line to 'False'
[0.179s] Level 5:colcon.colcon_core.verb:set package 'demo_cpp_qt2' build argument 'cmake_clean_first' from command line to 'False'
[0.179s] Level 5:colcon.colcon_core.verb:set package 'demo_cpp_qt2' build argument 'cmake_force_configure' from command line to 'False'
[0.179s] Level 5:colcon.colcon_core.verb:set package 'demo_cpp_qt2' build argument 'ament_cmake_args' from command line to 'None'
[0.179s] Level 5:colcon.colcon_core.verb:set package 'demo_cpp_qt2' build argument 'catkin_cmake_args' from command line to 'None'
[0.179s] Level 5:colcon.colcon_core.verb:set package 'demo_cpp_qt2' build argument 'catkin_skip_building_tests' from command line to 'False'
[0.179s] DEBUG:colcon.colcon_core.verb:Building package 'demo_cpp_qt2' with the following arguments: {'ament_cmake_args': None, 'build_base': '/home/nxh/ros2_demo2/build/demo_cpp_qt2', 'catkin_cmake_args': None, 'catkin_skip_building_tests': False, 'cmake_args': None, 'cmake_clean_cache': False, 'cmake_clean_first': False, 'cmake_force_configure': False, 'cmake_target': None, 'cmake_target_skip_unavailable': False, 'install_base': '/home/nxh/ros2_demo2/install/demo_cpp_qt2', 'merge_install': False, 'path': '/home/nxh/ros2_demo2/src/demo_cpp_qt2', 'symlink_install': False, 'test_result_base': None}
[0.179s] INFO:colcon.colcon_core.executor:Executing jobs using 'sequential' executor
[0.180s] DEBUG:colcon.colcon_core.executor.sequential:run_until_complete 'demo_cpp_topic'
[0.181s] INFO:colcon.colcon_ros.task.ament_cmake.build:Building ROS package in '/home/nxh/ros2_demo2/src/demo_cpp_topic' with build type 'ament_cmake'
[0.181s] INFO:colcon.colcon_cmake.task.cmake.build:Building CMake package in '/home/nxh/ros2_demo2/src/demo_cpp_topic'
[0.181s] INFO:colcon.colcon_core.plugin_system:Skipping extension 'colcon_core.shell.bat': Not used on non-Windows systems
[0.181s] DEBUG:colcon.colcon_core.shell:Skip shell extension 'dsv' for command environment
[0.190s] DEBUG:colcon.colcon_core.event_handler.log_command:Invoking command in '/home/nxh/ros2_demo2/build/demo_cpp_topic': CMAKE_PREFIX_PATH=${CMAKE_PREFIX_PATH}:/home/nxh/ros2_demo1/install/learning_urdf:/home/nxh/ros2_demo1/install/learning_topic:/home/nxh/ros2_demo1/install/learning_tf:/home/nxh/ros2_demo1/install/learning_service:/home/nxh/ros2_demo1/install/learning_qos:/home/nxh/ros2_demo1/install/learning_pkg_python:/home/nxh/ros2_demo1/install/learning_parameter:/home/nxh/ros2_demo1/install/learning_node:/home/nxh/ros2_demo1/install/learning_launch:/home/nxh/ros2_demo1/install/learning_action:/home/nxh/ros2_demo1/install/learning_gazebo_harmonic:/home/nxh/ros2_demo1/install/learning_gazebo:/home/nxh/ros2_demo1/install/learning_cv:/opt/ros/humble /usr/bin/cmake --build /home/nxh/ros2_demo2/build/demo_cpp_topic -- -j8 -l8
[0.267s] DEBUG:colcon.colcon_core.event_handler.log_command:Invoked command in '/home/nxh/ros2_demo2/build/demo_cpp_topic' returned '0': CMAKE_PREFIX_PATH=${CMAKE_PREFIX_PATH}:/home/nxh/ros2_demo1/install/learning_urdf:/home/nxh/ros2_demo1/install/learning_topic:/home/nxh/ros2_demo1/install/learning_tf:/home/nxh/ros2_demo1/install/learning_service:/home/nxh/ros2_demo1/install/learning_qos:/home/nxh/ros2_demo1/install/learning_pkg_python:/home/nxh/ros2_demo1/install/learning_parameter:/home/nxh/ros2_demo1/install/learning_node:/home/nxh/ros2_demo1/install/learning_launch:/home/nxh/ros2_demo1/install/learning_action:/home/nxh/ros2_demo1/install/learning_gazebo_harmonic:/home/nxh/ros2_demo1/install/learning_gazebo:/home/nxh/ros2_demo1/install/learning_cv:/opt/ros/humble /usr/bin/cmake --build /home/nxh/ros2_demo2/build/demo_cpp_topic -- -j8 -l8
[0.279s] DEBUG:colcon.colcon_core.event_handler.log_command:Invoking command in '/home/nxh/ros2_demo2/build/demo_cpp_topic': CMAKE_PREFIX_PATH=${CMAKE_PREFIX_PATH}:/home/nxh/ros2_demo1/install/learning_urdf:/home/nxh/ros2_demo1/install/learning_topic:/home/nxh/ros2_demo1/install/learning_tf:/home/nxh/ros2_demo1/install/learning_service:/home/nxh/ros2_demo1/install/learning_qos:/home/nxh/ros2_demo1/install/learning_pkg_python:/home/nxh/ros2_demo1/install/learning_parameter:/home/nxh/ros2_demo1/install/learning_node:/home/nxh/ros2_demo1/install/learning_launch:/home/nxh/ros2_demo1/install/learning_action:/home/nxh/ros2_demo1/install/learning_gazebo_harmonic:/home/nxh/ros2_demo1/install/learning_gazebo:/home/nxh/ros2_demo1/install/learning_cv:/opt/ros/humble /usr/bin/cmake --install /home/nxh/ros2_demo2/build/demo_cpp_topic
[0.296s] Level 1:colcon.colcon_core.environment:create_environment_scripts_only(demo_cpp_topic)
[0.296s] DEBUG:colcon.colcon_core.event_handler.log_command:Invoked command in '/home/nxh/ros2_demo2/build/demo_cpp_topic' returned '0': CMAKE_PREFIX_PATH=${CMAKE_PREFIX_PATH}:/home/nxh/ros2_demo1/install/learning_urdf:/home/nxh/ros2_demo1/install/learning_topic:/home/nxh/ros2_demo1/install/learning_tf:/home/nxh/ros2_demo1/install/learning_service:/home/nxh/ros2_demo1/install/learning_qos:/home/nxh/ros2_demo1/install/learning_pkg_python:/home/nxh/ros2_demo1/install/learning_parameter:/home/nxh/ros2_demo1/install/learning_node:/home/nxh/ros2_demo1/install/learning_launch:/home/nxh/ros2_demo1/install/learning_action:/home/nxh/ros2_demo1/install/learning_gazebo_harmonic:/home/nxh/ros2_demo1/install/learning_gazebo:/home/nxh/ros2_demo1/install/learning_cv:/opt/ros/humble /usr/bin/cmake --install /home/nxh/ros2_demo2/build/demo_cpp_topic
[0.299s] Level 1:colcon.colcon_core.environment:checking '/home/nxh/ros2_demo2/install/demo_cpp_topic' for CMake module files
[0.299s] Level 1:colcon.colcon_core.environment:checking '/home/nxh/ros2_demo2/install/demo_cpp_topic' for CMake config files
[0.299s] Level 1:colcon.colcon_core.shell:create_environment_hook('demo_cpp_topic', 'cmake_prefix_path')
[0.300s] INFO:colcon.colcon_core.shell:Creating environment descriptor '/home/nxh/ros2_demo2/install/demo_cpp_topic/share/demo_cpp_topic/hook/cmake_prefix_path.dsv'
[0.300s] INFO:colcon.colcon_core.shell:Creating environment hook '/home/nxh/ros2_demo2/install/demo_cpp_topic/share/demo_cpp_topic/hook/cmake_prefix_path.sh'
[0.301s] Level 1:colcon.colcon_core.environment:checking '/home/nxh/ros2_demo2/install/demo_cpp_topic/lib'
[0.301s] Level 1:colcon.colcon_core.environment:checking '/home/nxh/ros2_demo2/install/demo_cpp_topic/bin'
[0.301s] Level 1:colcon.colcon_core.environment:checking '/home/nxh/ros2_demo2/install/demo_cpp_topic/lib/pkgconfig/demo_cpp_topic.pc'
[0.302s] Level 1:colcon.colcon_core.environment:checking '/home/nxh/ros2_demo2/install/demo_cpp_topic/lib/python3.10/site-packages'
[0.302s] Level 1:colcon.colcon_core.environment:checking '/home/nxh/ros2_demo2/install/demo_cpp_topic/bin'
[0.302s] INFO:colcon.colcon_core.shell:Creating package descriptor '/home/nxh/ros2_demo2/install/demo_cpp_topic/share/demo_cpp_topic/package.dsv'
[0.303s] INFO:colcon.colcon_core.shell:Creating package script '/home/nxh/ros2_demo2/install/demo_cpp_topic/share/demo_cpp_topic/package.sh'
[0.303s] Level 1:colcon.colcon_core.environment:create_file_with_runtime_dependencies(/home/nxh/ros2_demo2/install/demo_cpp_topic/share/colcon-core/packages/demo_cpp_topic)
[0.304s] Level 1:colcon.colcon_core.environment:create_environment_scripts_only(demo_cpp_topic)
[0.304s] Level 1:colcon.colcon_core.environment:checking '/home/nxh/ros2_demo2/install/demo_cpp_topic' for CMake module files
[0.304s] Level 1:colcon.colcon_core.environment:checking '/home/nxh/ros2_demo2/install/demo_cpp_topic' for CMake config files
[0.304s] Level 1:colcon.colcon_core.shell:create_environment_hook('demo_cpp_topic', 'cmake_prefix_path')
[0.304s] INFO:colcon.colcon_core.shell:Creating environment descriptor '/home/nxh/ros2_demo2/install/demo_cpp_topic/share/demo_cpp_topic/hook/cmake_prefix_path.dsv'
[0.304s] INFO:colcon.colcon_core.shell:Creating environment hook '/home/nxh/ros2_demo2/install/demo_cpp_topic/share/demo_cpp_topic/hook/cmake_prefix_path.sh'
[0.305s] Level 1:colcon.colcon_core.environment:checking '/home/nxh/ros2_demo2/install/demo_cpp_topic/lib'
[0.305s] Level 1:colcon.colcon_core.environment:checking '/home/nxh/ros2_demo2/install/demo_cpp_topic/bin'
[0.305s] Level 1:colcon.colcon_core.environment:checking '/home/nxh/ros2_demo2/install/demo_cpp_topic/lib/pkgconfig/demo_cpp_topic.pc'
[0.305s] Level 1:colcon.colcon_core.environment:checking '/home/nxh/ros2_demo2/install/demo_cpp_topic/lib/python3.10/site-packages'
[0.305s] Level 1:colcon.colcon_core.environment:checking '/home/nxh/ros2_demo2/install/demo_cpp_topic/bin'
[0.305s] INFO:colcon.colcon_core.shell:Creating package descriptor '/home/nxh/ros2_demo2/install/demo_cpp_topic/share/demo_cpp_topic/package.dsv'
[0.306s] INFO:colcon.colcon_core.shell:Creating package script '/home/nxh/ros2_demo2/install/demo_cpp_topic/share/demo_cpp_topic/package.sh'
[0.306s] Level 1:colcon.colcon_core.environment:create_file_with_runtime_dependencies(/home/nxh/ros2_demo2/install/demo_cpp_topic/share/colcon-core/packages/demo_cpp_topic)
[0.306s] DEBUG:colcon.colcon_core.executor.sequential:run_until_complete 'demo_cpp_topic' finished with '0'
[0.306s] DEBUG:colcon.colcon_core.executor.sequential:run_until_complete 'demo_interface'
[0.306s] INFO:colcon.colcon_ros.task.ament_cmake.build:Building ROS package in '/home/nxh/ros2_demo2/src/demo_interface' with build type 'ament_cmake'
[0.306s] INFO:colcon.colcon_cmake.task.cmake.build:Building CMake package in '/home/nxh/ros2_demo2/src/demo_interface'
[0.307s] DEBUG:colcon.colcon_core.shell:Skip shell extension 'dsv' for command environment
[0.314s] DEBUG:colcon.colcon_core.event_handler.log_command:Invoking command in '/home/nxh/ros2_demo2/build/demo_interface': CMAKE_PREFIX_PATH=${CMAKE_PREFIX_PATH}:/home/nxh/ros2_demo1/install/learning_urdf:/home/nxh/ros2_demo1/install/learning_topic:/home/nxh/ros2_demo1/install/learning_tf:/home/nxh/ros2_demo1/install/learning_service:/home/nxh/ros2_demo1/install/learning_qos:/home/nxh/ros2_demo1/install/learning_pkg_python:/home/nxh/ros2_demo1/install/learning_parameter:/home/nxh/ros2_demo1/install/learning_node:/home/nxh/ros2_demo1/install/learning_launch:/home/nxh/ros2_demo1/install/learning_action:/home/nxh/ros2_demo1/install/learning_gazebo_harmonic:/home/nxh/ros2_demo1/install/learning_gazebo:/home/nxh/ros2_demo1/install/learning_cv:/opt/ros/humble /usr/bin/cmake --build /home/nxh/ros2_demo2/build/demo_interface -- -j8 -l8
[0.708s] DEBUG:colcon.colcon_core.event_handler.log_command:Invoked command in '/home/nxh/ros2_demo2/build/demo_interface' returned '0': CMAKE_PREFIX_PATH=${CMAKE_PREFIX_PATH}:/home/nxh/ros2_demo1/install/learning_urdf:/home/nxh/ros2_demo1/install/learning_topic:/home/nxh/ros2_demo1/install/learning_tf:/home/nxh/ros2_demo1/install/learning_service:/home/nxh/ros2_demo1/install/learning_qos:/home/nxh/ros2_demo1/install/learning_pkg_python:/home/nxh/ros2_demo1/install/learning_parameter:/home/nxh/ros2_demo1/install/learning_node:/home/nxh/ros2_demo1/install/learning_launch:/home/nxh/ros2_demo1/install/learning_action:/home/nxh/ros2_demo1/install/learning_gazebo_harmonic:/home/nxh/ros2_demo1/install/learning_gazebo:/home/nxh/ros2_demo1/install/learning_cv:/opt/ros/humble /usr/bin/cmake --build /home/nxh/ros2_demo2/build/demo_interface -- -j8 -l8
[0.709s] DEBUG:colcon.colcon_core.event_handler.log_command:Invoking command in '/home/nxh/ros2_demo2/build/demo_interface': CMAKE_PREFIX_PATH=${CMAKE_PREFIX_PATH}:/home/nxh/ros2_demo1/install/learning_urdf:/home/nxh/ros2_demo1/install/learning_topic:/home/nxh/ros2_demo1/install/learning_tf:/home/nxh/ros2_demo1/install/learning_service:/home/nxh/ros2_demo1/install/learning_qos:/home/nxh/ros2_demo1/install/learning_pkg_python:/home/nxh/ros2_demo1/install/learning_parameter:/home/nxh/ros2_demo1/install/learning_node:/home/nxh/ros2_demo1/install/learning_launch:/home/nxh/ros2_demo1/install/learning_action:/home/nxh/ros2_demo1/install/learning_gazebo_harmonic:/home/nxh/ros2_demo1/install/learning_gazebo:/home/nxh/ros2_demo1/install/learning_cv:/opt/ros/humble /usr/bin/cmake --install /home/nxh/ros2_demo2/build/demo_interface
[0.779s] Level 1:colcon.colcon_core.environment:create_environment_scripts_only(demo_interface)
[0.780s] DEBUG:colcon.colcon_core.event_handler.log_command:Invoked command in '/home/nxh/ros2_demo2/build/demo_interface' returned '0': CMAKE_PREFIX_PATH=${CMAKE_PREFIX_PATH}:/home/nxh/ros2_demo1/install/learning_urdf:/home/nxh/ros2_demo1/install/learning_topic:/home/nxh/ros2_demo1/install/learning_tf:/home/nxh/ros2_demo1/install/learning_service:/home/nxh/ros2_demo1/install/learning_qos:/home/nxh/ros2_demo1/install/learning_pkg_python:/home/nxh/ros2_demo1/install/learning_parameter:/home/nxh/ros2_demo1/install/learning_node:/home/nxh/ros2_demo1/install/learning_launch:/home/nxh/ros2_demo1/install/learning_action:/home/nxh/ros2_demo1/install/learning_gazebo_harmonic:/home/nxh/ros2_demo1/install/learning_gazebo:/home/nxh/ros2_demo1/install/learning_cv:/opt/ros/humble /usr/bin/cmake --install /home/nxh/ros2_demo2/build/demo_interface
[0.780s] Level 1:colcon.colcon_core.environment:checking '/home/nxh/ros2_demo2/install/demo_interface' for CMake module files
[0.781s] Level 1:colcon.colcon_core.environment:checking '/home/nxh/ros2_demo2/install/demo_interface' for CMake config files
[0.781s] Level 1:colcon.colcon_core.shell:create_environment_hook('demo_interface', 'cmake_prefix_path')
[0.782s] INFO:colcon.colcon_core.shell:Creating environment descriptor '/home/nxh/ros2_demo2/install/demo_interface/share/demo_interface/hook/cmake_prefix_path.dsv'
[0.784s] INFO:colcon.colcon_core.shell:Creating environment hook '/home/nxh/ros2_demo2/install/demo_interface/share/demo_interface/hook/cmake_prefix_path.sh'
[0.785s] Level 1:colcon.colcon_core.environment:checking '/home/nxh/ros2_demo2/install/demo_interface/lib'
[0.785s] Level 1:colcon.colcon_core.shell:create_environment_hook('demo_interface', 'ld_library_path_lib')
[0.785s] INFO:colcon.colcon_core.shell:Creating environment descriptor '/home/nxh/ros2_demo2/install/demo_interface/share/demo_interface/hook/ld_library_path_lib.dsv'
[0.786s] INFO:colcon.colcon_core.shell:Creating environment hook '/home/nxh/ros2_demo2/install/demo_interface/share/demo_interface/hook/ld_library_path_lib.sh'
[0.786s] Level 1:colcon.colcon_core.environment:checking '/home/nxh/ros2_demo2/install/demo_interface/bin'
[0.786s] Level 1:colcon.colcon_core.environment:checking '/home/nxh/ros2_demo2/install/demo_interface/lib/pkgconfig/demo_interface.pc'
[0.786s] Level 1:colcon.colcon_core.environment:checking '/home/nxh/ros2_demo2/install/demo_interface/lib/python3.10/site-packages'
[0.786s] Level 1:colcon.colcon_core.environment:checking '/home/nxh/ros2_demo2/install/demo_interface/bin'
[0.786s] INFO:colcon.colcon_core.shell:Creating package descriptor '/home/nxh/ros2_demo2/install/demo_interface/share/demo_interface/package.dsv'
[0.787s] INFO:colcon.colcon_core.shell:Creating package script '/home/nxh/ros2_demo2/install/demo_interface/share/demo_interface/package.sh'
[0.787s] Level 1:colcon.colcon_core.environment:create_file_with_runtime_dependencies(/home/nxh/ros2_demo2/install/demo_interface/share/colcon-core/packages/demo_interface)
[0.788s] Level 1:colcon.colcon_core.environment:create_environment_scripts_only(demo_interface)
[0.788s] Level 1:colcon.colcon_core.environment:checking '/home/nxh/ros2_demo2/install/demo_interface' for CMake module files
[0.788s] Level 1:colcon.colcon_core.environment:checking '/home/nxh/ros2_demo2/install/demo_interface' for CMake config files
[0.789s] Level 1:colcon.colcon_core.shell:create_environment_hook('demo_interface', 'cmake_prefix_path')
[0.789s] INFO:colcon.colcon_core.shell:Creating environment descriptor '/home/nxh/ros2_demo2/install/demo_interface/share/demo_interface/hook/cmake_prefix_path.dsv'
[0.789s] INFO:colcon.colcon_core.shell:Creating environment hook '/home/nxh/ros2_demo2/install/demo_interface/share/demo_interface/hook/cmake_prefix_path.sh'
[0.790s] Level 1:colcon.colcon_core.environment:checking '/home/nxh/ros2_demo2/install/demo_interface/lib'
[0.790s] Level 1:colcon.colcon_core.shell:create_environment_hook('demo_interface', 'ld_library_path_lib')
[0.790s] INFO:colcon.colcon_core.shell:Creating environment descriptor '/home/nxh/ros2_demo2/install/demo_interface/share/demo_interface/hook/ld_library_path_lib.dsv'
[0.790s] INFO:colcon.colcon_core.shell:Creating environment hook '/home/nxh/ros2_demo2/install/demo_interface/share/demo_interface/hook/ld_library_path_lib.sh'
[0.792s] Level 1:colcon.colcon_core.environment:checking '/home/nxh/ros2_demo2/install/demo_interface/bin'
[0.792s] Level 1:colcon.colcon_core.environment:checking '/home/nxh/ros2_demo2/install/demo_interface/lib/pkgconfig/demo_interface.pc'
[0.792s] Level 1:colcon.colcon_core.environment:checking '/home/nxh/ros2_demo2/install/demo_interface/lib/python3.10/site-packages'
[0.792s] Level 1:colcon.colcon_core.environment:checking '/home/nxh/ros2_demo2/install/demo_interface/bin'
[0.792s] INFO:colcon.colcon_core.shell:Creating package descriptor '/home/nxh/ros2_demo2/install/demo_interface/share/demo_interface/package.dsv'
[0.793s] INFO:colcon.colcon_core.shell:Creating package script '/home/nxh/ros2_demo2/install/demo_interface/share/demo_interface/package.sh'
[0.793s] Level 1:colcon.colcon_core.environment:create_file_with_runtime_dependencies(/home/nxh/ros2_demo2/install/demo_interface/share/colcon-core/packages/demo_interface)
[0.793s] DEBUG:colcon.colcon_core.executor.sequential:run_until_complete 'demo_interface' finished with '0'
[0.793s] DEBUG:colcon.colcon_core.executor.sequential:run_until_complete 'demo_coo_qt2'
[0.793s] INFO:colcon.colcon_ros.task.ament_cmake.build:Building ROS package in '/home/nxh/ros2_demo2/src/demo_coo_qt2' with build type 'ament_cmake'
[0.794s] INFO:colcon.colcon_cmake.task.cmake.build:Building CMake package in '/home/nxh/ros2_demo2/src/demo_coo_qt2'
[0.794s] DEBUG:colcon.colcon_core.shell:Skip shell extension 'dsv' for command environment
[0.809s] DEBUG:colcon.colcon_core.event_handler.log_command:Invoking command in '/home/nxh/ros2_demo2/build/demo_coo_qt2': CMAKE_PREFIX_PATH=/home/nxh/ros2_demo2/install/demo_interface:/home/nxh/ros2_demo1/install/learning_topic_cpp:/home/nxh/ros2_demo1/install/learning_tf_cpp:/home/nxh/ros2_demo1/install/learning_service_cpp:/home/nxh/ros2_demo1/install/learning_pkg_c:/home/nxh/ros2_demo1/install/learning_parameter_cpp:/home/nxh/ros2_demo1/install/learning_node_cpp:/home/nxh/ros2_demo1/install/learning_action_cpp:/home/nxh/ros2_demo1/install/learning_interface:/home/nxh/ros2_demo1/install/demo_nav2_customplanner:/home/nxh/ros2_demo1/install/demo_motion_control:/home/nxh/ros2_demo1/install/demo_cpp_service:/home/nxh/ros2_demo1/install/demo_cpp_qt:/home/nxh/ros2_demo1/install/demo_interface:/home/nxh/ros2_demo1/install/demo_fishbot_description:/home/nxh/ros2_demo1/install/demo_cpp_topic:/home/nxh/ros2_demo1/install/demo_cpp_pkg:/home/nxh/ros2_demo1/install/cv_pkg:/home/nxh/ros2_demo2/install/demo_cpp_qt2:/home/nxh/ros2_demo2/install/demo_cpp_qt1:/home/nxh/ros2_demo2/install/demo_coo_qt2:/home/nxh/ros2_demo2/install/demo_cpp_topic:/home/nxh/ros2_demo1/install/learning_urdf:/home/nxh/ros2_demo1/install/learning_topic:/home/nxh/ros2_demo1/install/learning_tf:/home/nxh/ros2_demo1/install/learning_service:/home/nxh/ros2_demo1/install/learning_qos:/home/nxh/ros2_demo1/install/learning_pkg_python:/home/nxh/ros2_demo1/install/learning_parameter:/home/nxh/ros2_demo1/install/learning_node:/home/nxh/ros2_demo1/install/learning_launch:/home/nxh/ros2_demo1/install/learning_action:/home/nxh/ros2_demo1/install/learning_gazebo_harmonic:/home/nxh/ros2_demo1/install/learning_gazebo:/home/nxh/ros2_demo1/install/learning_cv:/opt/ros/humble LD_LIBRARY_PATH=/home/nxh/ros2_demo2/install/demo_interface/lib:/home/nxh/Qt/6.5.3/gcc_64/lib:/home/nxh/ros2_demo1/install/learning_interface/lib:/home/nxh/ros2_demo1/install/demo_nav2_customplanner/lib:/home/nxh/ros2_demo1/install/demo_motion_control/lib:/home/nxh/ros2_demo1/install/demo_interface/lib:/usr/lib/x86_64-linux-gnu/gazebo-11/plugins:/opt/ros/humble/opt/rviz_ogre_vendor/lib:/opt/ros/humble/lib/x86_64-linux-gnu:/opt/ros/humble/lib:/home/nxh/Qt/6.5.3/gcc_64/lib /usr/bin/cmake --build /home/nxh/ros2_demo2/build/demo_coo_qt2 -- -j8 -l8
[0.900s] DEBUG:colcon.colcon_core.event_handler.log_command:Invoked command in '/home/nxh/ros2_demo2/build/demo_coo_qt2' returned '0': CMAKE_PREFIX_PATH=/home/nxh/ros2_demo2/install/demo_interface:/home/nxh/ros2_demo1/install/learning_topic_cpp:/home/nxh/ros2_demo1/install/learning_tf_cpp:/home/nxh/ros2_demo1/install/learning_service_cpp:/home/nxh/ros2_demo1/install/learning_pkg_c:/home/nxh/ros2_demo1/install/learning_parameter_cpp:/home/nxh/ros2_demo1/install/learning_node_cpp:/home/nxh/ros2_demo1/install/learning_action_cpp:/home/nxh/ros2_demo1/install/learning_interface:/home/nxh/ros2_demo1/install/demo_nav2_customplanner:/home/nxh/ros2_demo1/install/demo_motion_control:/home/nxh/ros2_demo1/install/demo_cpp_service:/home/nxh/ros2_demo1/install/demo_cpp_qt:/home/nxh/ros2_demo1/install/demo_interface:/home/nxh/ros2_demo1/install/demo_fishbot_description:/home/nxh/ros2_demo1/install/demo_cpp_topic:/home/nxh/ros2_demo1/install/demo_cpp_pkg:/home/nxh/ros2_demo1/install/cv_pkg:/home/nxh/ros2_demo2/install/demo_cpp_qt2:/home/nxh/ros2_demo2/install/demo_cpp_qt1:/home/nxh/ros2_demo2/install/demo_coo_qt2:/home/nxh/ros2_demo2/install/demo_cpp_topic:/home/nxh/ros2_demo1/install/learning_urdf:/home/nxh/ros2_demo1/install/learning_topic:/home/nxh/ros2_demo1/install/learning_tf:/home/nxh/ros2_demo1/install/learning_service:/home/nxh/ros2_demo1/install/learning_qos:/home/nxh/ros2_demo1/install/learning_pkg_python:/home/nxh/ros2_demo1/install/learning_parameter:/home/nxh/ros2_demo1/install/learning_node:/home/nxh/ros2_demo1/install/learning_launch:/home/nxh/ros2_demo1/install/learning_action:/home/nxh/ros2_demo1/install/learning_gazebo_harmonic:/home/nxh/ros2_demo1/install/learning_gazebo:/home/nxh/ros2_demo1/install/learning_cv:/opt/ros/humble LD_LIBRARY_PATH=/home/nxh/ros2_demo2/install/demo_interface/lib:/home/nxh/Qt/6.5.3/gcc_64/lib:/home/nxh/ros2_demo1/install/learning_interface/lib:/home/nxh/ros2_demo1/install/demo_nav2_customplanner/lib:/home/nxh/ros2_demo1/install/demo_motion_control/lib:/home/nxh/ros2_demo1/install/demo_interface/lib:/usr/lib/x86_64-linux-gnu/gazebo-11/plugins:/opt/ros/humble/opt/rviz_ogre_vendor/lib:/opt/ros/humble/lib/x86_64-linux-gnu:/opt/ros/humble/lib:/home/nxh/Qt/6.5.3/gcc_64/lib /usr/bin/cmake --build /home/nxh/ros2_demo2/build/demo_coo_qt2 -- -j8 -l8
[0.904s] DEBUG:colcon.colcon_core.event_handler.log_command:Invoking command in '/home/nxh/ros2_demo2/build/demo_coo_qt2': CMAKE_PREFIX_PATH=/home/nxh/ros2_demo2/install/demo_interface:/home/nxh/ros2_demo1/install/learning_topic_cpp:/home/nxh/ros2_demo1/install/learning_tf_cpp:/home/nxh/ros2_demo1/install/learning_service_cpp:/home/nxh/ros2_demo1/install/learning_pkg_c:/home/nxh/ros2_demo1/install/learning_parameter_cpp:/home/nxh/ros2_demo1/install/learning_node_cpp:/home/nxh/ros2_demo1/install/learning_action_cpp:/home/nxh/ros2_demo1/install/learning_interface:/home/nxh/ros2_demo1/install/demo_nav2_customplanner:/home/nxh/ros2_demo1/install/demo_motion_control:/home/nxh/ros2_demo1/install/demo_cpp_service:/home/nxh/ros2_demo1/install/demo_cpp_qt:/home/nxh/ros2_demo1/install/demo_interface:/home/nxh/ros2_demo1/install/demo_fishbot_description:/home/nxh/ros2_demo1/install/demo_cpp_topic:/home/nxh/ros2_demo1/install/demo_cpp_pkg:/home/nxh/ros2_demo1/install/cv_pkg:/home/nxh/ros2_demo2/install/demo_cpp_qt2:/home/nxh/ros2_demo2/install/demo_cpp_qt1:/home/nxh/ros2_demo2/install/demo_coo_qt2:/home/nxh/ros2_demo2/install/demo_cpp_topic:/home/nxh/ros2_demo1/install/learning_urdf:/home/nxh/ros2_demo1/install/learning_topic:/home/nxh/ros2_demo1/install/learning_tf:/home/nxh/ros2_demo1/install/learning_service:/home/nxh/ros2_demo1/install/learning_qos:/home/nxh/ros2_demo1/install/learning_pkg_python:/home/nxh/ros2_demo1/install/learning_parameter:/home/nxh/ros2_demo1/install/learning_node:/home/nxh/ros2_demo1/install/learning_launch:/home/nxh/ros2_demo1/install/learning_action:/home/nxh/ros2_demo1/install/learning_gazebo_harmonic:/home/nxh/ros2_demo1/install/learning_gazebo:/home/nxh/ros2_demo1/install/learning_cv:/opt/ros/humble LD_LIBRARY_PATH=/home/nxh/ros2_demo2/install/demo_interface/lib:/home/nxh/Qt/6.5.3/gcc_64/lib:/home/nxh/ros2_demo1/install/learning_interface/lib:/home/nxh/ros2_demo1/install/demo_nav2_customplanner/lib:/home/nxh/ros2_demo1/install/demo_motion_control/lib:/home/nxh/ros2_demo1/install/demo_interface/lib:/usr/lib/x86_64-linux-gnu/gazebo-11/plugins:/opt/ros/humble/opt/rviz_ogre_vendor/lib:/opt/ros/humble/lib/x86_64-linux-gnu:/opt/ros/humble/lib:/home/nxh/Qt/6.5.3/gcc_64/lib /usr/bin/cmake --install /home/nxh/ros2_demo2/build/demo_coo_qt2
[0.913s] Level 1:colcon.colcon_core.environment:create_environment_scripts_only(demo_coo_qt2)
[0.914s] DEBUG:colcon.colcon_core.event_handler.log_command:Invoked command in '/home/nxh/ros2_demo2/build/demo_coo_qt2' returned '0': CMAKE_PREFIX_PATH=/home/nxh/ros2_demo2/install/demo_interface:/home/nxh/ros2_demo1/install/learning_topic_cpp:/home/nxh/ros2_demo1/install/learning_tf_cpp:/home/nxh/ros2_demo1/install/learning_service_cpp:/home/nxh/ros2_demo1/install/learning_pkg_c:/home/nxh/ros2_demo1/install/learning_parameter_cpp:/home/nxh/ros2_demo1/install/learning_node_cpp:/home/nxh/ros2_demo1/install/learning_action_cpp:/home/nxh/ros2_demo1/install/learning_interface:/home/nxh/ros2_demo1/install/demo_nav2_customplanner:/home/nxh/ros2_demo1/install/demo_motion_control:/home/nxh/ros2_demo1/install/demo_cpp_service:/home/nxh/ros2_demo1/install/demo_cpp_qt:/home/nxh/ros2_demo1/install/demo_interface:/home/nxh/ros2_demo1/install/demo_fishbot_description:/home/nxh/ros2_demo1/install/demo_cpp_topic:/home/nxh/ros2_demo1/install/demo_cpp_pkg:/home/nxh/ros2_demo1/install/cv_pkg:/home/nxh/ros2_demo2/install/demo_cpp_qt2:/home/nxh/ros2_demo2/install/demo_cpp_qt1:/home/nxh/ros2_demo2/install/demo_coo_qt2:/home/nxh/ros2_demo2/install/demo_cpp_topic:/home/nxh/ros2_demo1/install/learning_urdf:/home/nxh/ros2_demo1/install/learning_topic:/home/nxh/ros2_demo1/install/learning_tf:/home/nxh/ros2_demo1/install/learning_service:/home/nxh/ros2_demo1/install/learning_qos:/home/nxh/ros2_demo1/install/learning_pkg_python:/home/nxh/ros2_demo1/install/learning_parameter:/home/nxh/ros2_demo1/install/learning_node:/home/nxh/ros2_demo1/install/learning_launch:/home/nxh/ros2_demo1/install/learning_action:/home/nxh/ros2_demo1/install/learning_gazebo_harmonic:/home/nxh/ros2_demo1/install/learning_gazebo:/home/nxh/ros2_demo1/install/learning_cv:/opt/ros/humble LD_LIBRARY_PATH=/home/nxh/ros2_demo2/install/demo_interface/lib:/home/nxh/Qt/6.5.3/gcc_64/lib:/home/nxh/ros2_demo1/install/learning_interface/lib:/home/nxh/ros2_demo1/install/demo_nav2_customplanner/lib:/home/nxh/ros2_demo1/install/demo_motion_control/lib:/home/nxh/ros2_demo1/install/demo_interface/lib:/usr/lib/x86_64-linux-gnu/gazebo-11/plugins:/opt/ros/humble/opt/rviz_ogre_vendor/lib:/opt/ros/humble/lib/x86_64-linux-gnu:/opt/ros/humble/lib:/home/nxh/Qt/6.5.3/gcc_64/lib /usr/bin/cmake --install /home/nxh/ros2_demo2/build/demo_coo_qt2
[0.915s] Level 1:colcon.colcon_core.environment:checking '/home/nxh/ros2_demo2/install/demo_coo_qt2' for CMake module files
[0.916s] Level 1:colcon.colcon_core.environment:checking '/home/nxh/ros2_demo2/install/demo_coo_qt2' for CMake config files
[0.916s] Level 1:colcon.colcon_core.shell:create_environment_hook('demo_coo_qt2', 'cmake_prefix_path')
[0.916s] INFO:colcon.colcon_core.shell:Creating environment descriptor '/home/nxh/ros2_demo2/install/demo_coo_qt2/share/demo_coo_qt2/hook/cmake_prefix_path.dsv'
[0.917s] INFO:colcon.colcon_core.shell:Creating environment hook '/home/nxh/ros2_demo2/install/demo_coo_qt2/share/demo_coo_qt2/hook/cmake_prefix_path.sh'
[0.918s] Level 1:colcon.colcon_core.environment:checking '/home/nxh/ros2_demo2/install/demo_coo_qt2/lib'
[0.919s] Level 1:colcon.colcon_core.environment:checking '/home/nxh/ros2_demo2/install/demo_coo_qt2/bin'
[0.919s] Level 1:colcon.colcon_core.environment:checking '/home/nxh/ros2_demo2/install/demo_coo_qt2/lib/pkgconfig/demo_coo_qt2.pc'
[0.919s] Level 1:colcon.colcon_core.environment:checking '/home/nxh/ros2_demo2/install/demo_coo_qt2/lib/python3.10/site-packages'
[0.919s] Level 1:colcon.colcon_core.environment:checking '/home/nxh/ros2_demo2/install/demo_coo_qt2/bin'
[0.920s] INFO:colcon.colcon_core.shell:Creating package descriptor '/home/nxh/ros2_demo2/install/demo_coo_qt2/share/demo_coo_qt2/package.dsv'
[0.920s] INFO:colcon.colcon_core.shell:Creating package script '/home/nxh/ros2_demo2/install/demo_coo_qt2/share/demo_coo_qt2/package.sh'
[0.921s] Level 1:colcon.colcon_core.environment:create_file_with_runtime_dependencies(/home/nxh/ros2_demo2/install/demo_coo_qt2/share/colcon-core/packages/demo_coo_qt2)
[0.921s] Level 1:colcon.colcon_core.environment:create_environment_scripts_only(demo_coo_qt2)
[0.921s] Level 1:colcon.colcon_core.environment:checking '/home/nxh/ros2_demo2/install/demo_coo_qt2' for CMake module files
[0.922s] Level 1:colcon.colcon_core.environment:checking '/home/nxh/ros2_demo2/install/demo_coo_qt2' for CMake config files
[0.922s] Level 1:colcon.colcon_core.shell:create_environment_hook('demo_coo_qt2', 'cmake_prefix_path')
[0.922s] INFO:colcon.colcon_core.shell:Creating environment descriptor '/home/nxh/ros2_demo2/install/demo_coo_qt2/share/demo_coo_qt2/hook/cmake_prefix_path.dsv'
[0.923s] INFO:colcon.colcon_core.shell:Creating environment hook '/home/nxh/ros2_demo2/install/demo_coo_qt2/share/demo_coo_qt2/hook/cmake_prefix_path.sh'
[0.923s] Level 1:colcon.colcon_core.environment:checking '/home/nxh/ros2_demo2/install/demo_coo_qt2/lib'
[0.924s] Level 1:colcon.colcon_core.environment:checking '/home/nxh/ros2_demo2/install/demo_coo_qt2/bin'
[0.924s] Level 1:colcon.colcon_core.environment:checking '/home/nxh/ros2_demo2/install/demo_coo_qt2/lib/pkgconfig/demo_coo_qt2.pc'
[0.924s] Level 1:colcon.colcon_core.environment:checking '/home/nxh/ros2_demo2/install/demo_coo_qt2/lib/python3.10/site-packages'
[0.924s] Level 1:colcon.colcon_core.environment:checking '/home/nxh/ros2_demo2/install/demo_coo_qt2/bin'
[0.924s] INFO:colcon.colcon_core.shell:Creating package descriptor '/home/nxh/ros2_demo2/install/demo_coo_qt2/share/demo_coo_qt2/package.dsv'
[0.924s] INFO:colcon.colcon_core.shell:Creating package script '/home/nxh/ros2_demo2/install/demo_coo_qt2/share/demo_coo_qt2/package.sh'
[0.925s] Level 1:colcon.colcon_core.environment:create_file_with_runtime_dependencies(/home/nxh/ros2_demo2/install/demo_coo_qt2/share/colcon-core/packages/demo_coo_qt2)
[0.925s] DEBUG:colcon.colcon_core.executor.sequential:run_until_complete 'demo_coo_qt2' finished with '0'
[0.926s] DEBUG:colcon.colcon_core.executor.sequential:run_until_complete 'demo_cpp_qt1'
[0.926s] INFO:colcon.colcon_ros.task.ament_cmake.build:Building ROS package in '/home/nxh/ros2_demo2/src/demo_cpp_qt1' with build type 'ament_cmake'
[0.926s] INFO:colcon.colcon_cmake.task.cmake.build:Building CMake package in '/home/nxh/ros2_demo2/src/demo_cpp_qt1'
[0.926s] DEBUG:colcon.colcon_core.shell:Skip shell extension 'dsv' for command environment
[0.938s] DEBUG:colcon.colcon_core.event_handler.log_command:Invoking command in '/home/nxh/ros2_demo2/build/demo_cpp_qt1': CMAKE_PREFIX_PATH=/home/nxh/ros2_demo2/install/demo_interface:/home/nxh/ros2_demo1/install/learning_topic_cpp:/home/nxh/ros2_demo1/install/learning_tf_cpp:/home/nxh/ros2_demo1/install/learning_service_cpp:/home/nxh/ros2_demo1/install/learning_pkg_c:/home/nxh/ros2_demo1/install/learning_parameter_cpp:/home/nxh/ros2_demo1/install/learning_node_cpp:/home/nxh/ros2_demo1/install/learning_action_cpp:/home/nxh/ros2_demo1/install/learning_interface:/home/nxh/ros2_demo1/install/demo_nav2_customplanner:/home/nxh/ros2_demo1/install/demo_motion_control:/home/nxh/ros2_demo1/install/demo_cpp_service:/home/nxh/ros2_demo1/install/demo_cpp_qt:/home/nxh/ros2_demo1/install/demo_interface:/home/nxh/ros2_demo1/install/demo_fishbot_description:/home/nxh/ros2_demo1/install/demo_cpp_topic:/home/nxh/ros2_demo1/install/demo_cpp_pkg:/home/nxh/ros2_demo1/install/cv_pkg:/home/nxh/ros2_demo2/install/demo_cpp_qt2:/home/nxh/ros2_demo2/install/demo_cpp_qt1:/home/nxh/ros2_demo2/install/demo_coo_qt2:/home/nxh/ros2_demo2/install/demo_cpp_topic:/home/nxh/ros2_demo1/install/learning_urdf:/home/nxh/ros2_demo1/install/learning_topic:/home/nxh/ros2_demo1/install/learning_tf:/home/nxh/ros2_demo1/install/learning_service:/home/nxh/ros2_demo1/install/learning_qos:/home/nxh/ros2_demo1/install/learning_pkg_python:/home/nxh/ros2_demo1/install/learning_parameter:/home/nxh/ros2_demo1/install/learning_node:/home/nxh/ros2_demo1/install/learning_launch:/home/nxh/ros2_demo1/install/learning_action:/home/nxh/ros2_demo1/install/learning_gazebo_harmonic:/home/nxh/ros2_demo1/install/learning_gazebo:/home/nxh/ros2_demo1/install/learning_cv:/opt/ros/humble LD_LIBRARY_PATH=/home/nxh/ros2_demo2/install/demo_interface/lib:/home/nxh/Qt/6.5.3/gcc_64/lib:/home/nxh/ros2_demo1/install/learning_interface/lib:/home/nxh/ros2_demo1/install/demo_nav2_customplanner/lib:/home/nxh/ros2_demo1/install/demo_motion_control/lib:/home/nxh/ros2_demo1/install/demo_interface/lib:/usr/lib/x86_64-linux-gnu/gazebo-11/plugins:/opt/ros/humble/opt/rviz_ogre_vendor/lib:/opt/ros/humble/lib/x86_64-linux-gnu:/opt/ros/humble/lib:/home/nxh/Qt/6.5.3/gcc_64/lib /usr/bin/cmake --build /home/nxh/ros2_demo2/build/demo_cpp_qt1 -- -j8 -l8
[1.049s] DEBUG:colcon.colcon_core.event_handler.log_command:Invoked command in '/home/nxh/ros2_demo2/build/demo_cpp_qt1' returned '0': CMAKE_PREFIX_PATH=/home/nxh/ros2_demo2/install/demo_interface:/home/nxh/ros2_demo1/install/learning_topic_cpp:/home/nxh/ros2_demo1/install/learning_tf_cpp:/home/nxh/ros2_demo1/install/learning_service_cpp:/home/nxh/ros2_demo1/install/learning_pkg_c:/home/nxh/ros2_demo1/install/learning_parameter_cpp:/home/nxh/ros2_demo1/install/learning_node_cpp:/home/nxh/ros2_demo1/install/learning_action_cpp:/home/nxh/ros2_demo1/install/learning_interface:/home/nxh/ros2_demo1/install/demo_nav2_customplanner:/home/nxh/ros2_demo1/install/demo_motion_control:/home/nxh/ros2_demo1/install/demo_cpp_service:/home/nxh/ros2_demo1/install/demo_cpp_qt:/home/nxh/ros2_demo1/install/demo_interface:/home/nxh/ros2_demo1/install/demo_fishbot_description:/home/nxh/ros2_demo1/install/demo_cpp_topic:/home/nxh/ros2_demo1/install/demo_cpp_pkg:/home/nxh/ros2_demo1/install/cv_pkg:/home/nxh/ros2_demo2/install/demo_cpp_qt2:/home/nxh/ros2_demo2/install/demo_cpp_qt1:/home/nxh/ros2_demo2/install/demo_coo_qt2:/home/nxh/ros2_demo2/install/demo_cpp_topic:/home/nxh/ros2_demo1/install/learning_urdf:/home/nxh/ros2_demo1/install/learning_topic:/home/nxh/ros2_demo1/install/learning_tf:/home/nxh/ros2_demo1/install/learning_service:/home/nxh/ros2_demo1/install/learning_qos:/home/nxh/ros2_demo1/install/learning_pkg_python:/home/nxh/ros2_demo1/install/learning_parameter:/home/nxh/ros2_demo1/install/learning_node:/home/nxh/ros2_demo1/install/learning_launch:/home/nxh/ros2_demo1/install/learning_action:/home/nxh/ros2_demo1/install/learning_gazebo_harmonic:/home/nxh/ros2_demo1/install/learning_gazebo:/home/nxh/ros2_demo1/install/learning_cv:/opt/ros/humble LD_LIBRARY_PATH=/home/nxh/ros2_demo2/install/demo_interface/lib:/home/nxh/Qt/6.5.3/gcc_64/lib:/home/nxh/ros2_demo1/install/learning_interface/lib:/home/nxh/ros2_demo1/install/demo_nav2_customplanner/lib:/home/nxh/ros2_demo1/install/demo_motion_control/lib:/home/nxh/ros2_demo1/install/demo_interface/lib:/usr/lib/x86_64-linux-gnu/gazebo-11/plugins:/opt/ros/humble/opt/rviz_ogre_vendor/lib:/opt/ros/humble/lib/x86_64-linux-gnu:/opt/ros/humble/lib:/home/nxh/Qt/6.5.3/gcc_64/lib /usr/bin/cmake --build /home/nxh/ros2_demo2/build/demo_cpp_qt1 -- -j8 -l8
[1.050s] DEBUG:colcon.colcon_core.event_handler.log_command:Invoking command in '/home/nxh/ros2_demo2/build/demo_cpp_qt1': CMAKE_PREFIX_PATH=/home/nxh/ros2_demo2/install/demo_interface:/home/nxh/ros2_demo1/install/learning_topic_cpp:/home/nxh/ros2_demo1/install/learning_tf_cpp:/home/nxh/ros2_demo1/install/learning_service_cpp:/home/nxh/ros2_demo1/install/learning_pkg_c:/home/nxh/ros2_demo1/install/learning_parameter_cpp:/home/nxh/ros2_demo1/install/learning_node_cpp:/home/nxh/ros2_demo1/install/learning_action_cpp:/home/nxh/ros2_demo1/install/learning_interface:/home/nxh/ros2_demo1/install/demo_nav2_customplanner:/home/nxh/ros2_demo1/install/demo_motion_control:/home/nxh/ros2_demo1/install/demo_cpp_service:/home/nxh/ros2_demo1/install/demo_cpp_qt:/home/nxh/ros2_demo1/install/demo_interface:/home/nxh/ros2_demo1/install/demo_fishbot_description:/home/nxh/ros2_demo1/install/demo_cpp_topic:/home/nxh/ros2_demo1/install/demo_cpp_pkg:/home/nxh/ros2_demo1/install/cv_pkg:/home/nxh/ros2_demo2/install/demo_cpp_qt2:/home/nxh/ros2_demo2/install/demo_cpp_qt1:/home/nxh/ros2_demo2/install/demo_coo_qt2:/home/nxh/ros2_demo2/install/demo_cpp_topic:/home/nxh/ros2_demo1/install/learning_urdf:/home/nxh/ros2_demo1/install/learning_topic:/home/nxh/ros2_demo1/install/learning_tf:/home/nxh/ros2_demo1/install/learning_service:/home/nxh/ros2_demo1/install/learning_qos:/home/nxh/ros2_demo1/install/learning_pkg_python:/home/nxh/ros2_demo1/install/learning_parameter:/home/nxh/ros2_demo1/install/learning_node:/home/nxh/ros2_demo1/install/learning_launch:/home/nxh/ros2_demo1/install/learning_action:/home/nxh/ros2_demo1/install/learning_gazebo_harmonic:/home/nxh/ros2_demo1/install/learning_gazebo:/home/nxh/ros2_demo1/install/learning_cv:/opt/ros/humble LD_LIBRARY_PATH=/home/nxh/ros2_demo2/install/demo_interface/lib:/home/nxh/Qt/6.5.3/gcc_64/lib:/home/nxh/ros2_demo1/install/learning_interface/lib:/home/nxh/ros2_demo1/install/demo_nav2_customplanner/lib:/home/nxh/ros2_demo1/install/demo_motion_control/lib:/home/nxh/ros2_demo1/install/demo_interface/lib:/usr/lib/x86_64-linux-gnu/gazebo-11/plugins:/opt/ros/humble/opt/rviz_ogre_vendor/lib:/opt/ros/humble/lib/x86_64-linux-gnu:/opt/ros/humble/lib:/home/nxh/Qt/6.5.3/gcc_64/lib /usr/bin/cmake --install /home/nxh/ros2_demo2/build/demo_cpp_qt1
[1.065s] Level 1:colcon.colcon_core.environment:create_environment_scripts_only(demo_cpp_qt1)
[1.065s] DEBUG:colcon.colcon_core.event_handler.log_command:Invoked command in '/home/nxh/ros2_demo2/build/demo_cpp_qt1' returned '0': CMAKE_PREFIX_PATH=/home/nxh/ros2_demo2/install/demo_interface:/home/nxh/ros2_demo1/install/learning_topic_cpp:/home/nxh/ros2_demo1/install/learning_tf_cpp:/home/nxh/ros2_demo1/install/learning_service_cpp:/home/nxh/ros2_demo1/install/learning_pkg_c:/home/nxh/ros2_demo1/install/learning_parameter_cpp:/home/nxh/ros2_demo1/install/learning_node_cpp:/home/nxh/ros2_demo1/install/learning_action_cpp:/home/nxh/ros2_demo1/install/learning_interface:/home/nxh/ros2_demo1/install/demo_nav2_customplanner:/home/nxh/ros2_demo1/install/demo_motion_control:/home/nxh/ros2_demo1/install/demo_cpp_service:/home/nxh/ros2_demo1/install/demo_cpp_qt:/home/nxh/ros2_demo1/install/demo_interface:/home/nxh/ros2_demo1/install/demo_fishbot_description:/home/nxh/ros2_demo1/install/demo_cpp_topic:/home/nxh/ros2_demo1/install/demo_cpp_pkg:/home/nxh/ros2_demo1/install/cv_pkg:/home/nxh/ros2_demo2/install/demo_cpp_qt2:/home/nxh/ros2_demo2/install/demo_cpp_qt1:/home/nxh/ros2_demo2/install/demo_coo_qt2:/home/nxh/ros2_demo2/install/demo_cpp_topic:/home/nxh/ros2_demo1/install/learning_urdf:/home/nxh/ros2_demo1/install/learning_topic:/home/nxh/ros2_demo1/install/learning_tf:/home/nxh/ros2_demo1/install/learning_service:/home/nxh/ros2_demo1/install/learning_qos:/home/nxh/ros2_demo1/install/learning_pkg_python:/home/nxh/ros2_demo1/install/learning_parameter:/home/nxh/ros2_demo1/install/learning_node:/home/nxh/ros2_demo1/install/learning_launch:/home/nxh/ros2_demo1/install/learning_action:/home/nxh/ros2_demo1/install/learning_gazebo_harmonic:/home/nxh/ros2_demo1/install/learning_gazebo:/home/nxh/ros2_demo1/install/learning_cv:/opt/ros/humble LD_LIBRARY_PATH=/home/nxh/ros2_demo2/install/demo_interface/lib:/home/nxh/Qt/6.5.3/gcc_64/lib:/home/nxh/ros2_demo1/install/learning_interface/lib:/home/nxh/ros2_demo1/install/demo_nav2_customplanner/lib:/home/nxh/ros2_demo1/install/demo_motion_control/lib:/home/nxh/ros2_demo1/install/demo_interface/lib:/usr/lib/x86_64-linux-gnu/gazebo-11/plugins:/opt/ros/humble/opt/rviz_ogre_vendor/lib:/opt/ros/humble/lib/x86_64-linux-gnu:/opt/ros/humble/lib:/home/nxh/Qt/6.5.3/gcc_64/lib /usr/bin/cmake --install /home/nxh/ros2_demo2/build/demo_cpp_qt1
[1.066s] Level 1:colcon.colcon_core.environment:checking '/home/nxh/ros2_demo2/install/demo_cpp_qt1' for CMake module files
[1.066s] Level 1:colcon.colcon_core.environment:checking '/home/nxh/ros2_demo2/install/demo_cpp_qt1' for CMake config files
[1.066s] Level 1:colcon.colcon_core.shell:create_environment_hook('demo_cpp_qt1', 'cmake_prefix_path')
[1.067s] INFO:colcon.colcon_core.shell:Creating environment descriptor '/home/nxh/ros2_demo2/install/demo_cpp_qt1/share/demo_cpp_qt1/hook/cmake_prefix_path.dsv'
[1.067s] INFO:colcon.colcon_core.shell:Creating environment hook '/home/nxh/ros2_demo2/install/demo_cpp_qt1/share/demo_cpp_qt1/hook/cmake_prefix_path.sh'
[1.068s] Level 1:colcon.colcon_core.environment:checking '/home/nxh/ros2_demo2/install/demo_cpp_qt1/lib'
[1.068s] Level 1:colcon.colcon_core.environment:checking '/home/nxh/ros2_demo2/install/demo_cpp_qt1/bin'
[1.068s] Level 1:colcon.colcon_core.environment:checking '/home/nxh/ros2_demo2/install/demo_cpp_qt1/lib/pkgconfig/demo_cpp_qt1.pc'
[1.068s] Level 1:colcon.colcon_core.environment:checking '/home/nxh/ros2_demo2/install/demo_cpp_qt1/lib/python3.10/site-packages'
[1.068s] Level 1:colcon.colcon_core.environment:checking '/home/nxh/ros2_demo2/install/demo_cpp_qt1/bin'
[1.068s] INFO:colcon.colcon_core.shell:Creating package descriptor '/home/nxh/ros2_demo2/install/demo_cpp_qt1/share/demo_cpp_qt1/package.dsv'
[1.069s] INFO:colcon.colcon_core.shell:Creating package script '/home/nxh/ros2_demo2/install/demo_cpp_qt1/share/demo_cpp_qt1/package.sh'
[1.069s] Level 1:colcon.colcon_core.environment:create_file_with_runtime_dependencies(/home/nxh/ros2_demo2/install/demo_cpp_qt1/share/colcon-core/packages/demo_cpp_qt1)
[1.069s] Level 1:colcon.colcon_core.environment:create_environment_scripts_only(demo_cpp_qt1)
[1.070s] Level 1:colcon.colcon_core.environment:checking '/home/nxh/ros2_demo2/install/demo_cpp_qt1' for CMake module files
[1.070s] Level 1:colcon.colcon_core.environment:checking '/home/nxh/ros2_demo2/install/demo_cpp_qt1' for CMake config files
[1.070s] Level 1:colcon.colcon_core.shell:create_environment_hook('demo_cpp_qt1', 'cmake_prefix_path')
[1.070s] INFO:colcon.colcon_core.shell:Creating environment descriptor '/home/nxh/ros2_demo2/install/demo_cpp_qt1/share/demo_cpp_qt1/hook/cmake_prefix_path.dsv'
[1.070s] INFO:colcon.colcon_core.shell:Creating environment hook '/home/nxh/ros2_demo2/install/demo_cpp_qt1/share/demo_cpp_qt1/hook/cmake_prefix_path.sh'
[1.071s] Level 1:colcon.colcon_core.environment:checking '/home/nxh/ros2_demo2/install/demo_cpp_qt1/lib'
[1.071s] Level 1:colcon.colcon_core.environment:checking '/home/nxh/ros2_demo2/install/demo_cpp_qt1/bin'
[1.071s] Level 1:colcon.colcon_core.environment:checking '/home/nxh/ros2_demo2/install/demo_cpp_qt1/lib/pkgconfig/demo_cpp_qt1.pc'
[1.071s] Level 1:colcon.colcon_core.environment:checking '/home/nxh/ros2_demo2/install/demo_cpp_qt1/lib/python3.10/site-packages'
[1.071s] Level 1:colcon.colcon_core.environment:checking '/home/nxh/ros2_demo2/install/demo_cpp_qt1/bin'
[1.071s] INFO:colcon.colcon_core.shell:Creating package descriptor '/home/nxh/ros2_demo2/install/demo_cpp_qt1/share/demo_cpp_qt1/package.dsv'
[1.071s] INFO:colcon.colcon_core.shell:Creating package script '/home/nxh/ros2_demo2/install/demo_cpp_qt1/share/demo_cpp_qt1/package.sh'
[1.072s] Level 1:colcon.colcon_core.environment:create_file_with_runtime_dependencies(/home/nxh/ros2_demo2/install/demo_cpp_qt1/share/colcon-core/packages/demo_cpp_qt1)
[1.072s] DEBUG:colcon.colcon_core.executor.sequential:run_until_complete 'demo_cpp_qt1' finished with '0'
[1.072s] DEBUG:colcon.colcon_core.executor.sequential:run_until_complete 'demo_cpp_qt2'
[1.072s] INFO:colcon.colcon_ros.task.ament_cmake.build:Building ROS package in '/home/nxh/ros2_demo2/src/demo_cpp_qt2' with build type 'ament_cmake'
[1.072s] INFO:colcon.colcon_cmake.task.cmake.build:Building CMake package in '/home/nxh/ros2_demo2/src/demo_cpp_qt2'
[1.073s] DEBUG:colcon.colcon_core.shell:Skip shell extension 'dsv' for command environment
[1.084s] DEBUG:colcon.colcon_core.event_handler.log_command:Invoking command in '/home/nxh/ros2_demo2/build/demo_cpp_qt2': CMAKE_PREFIX_PATH=/home/nxh/ros2_demo2/install/demo_interface:/home/nxh/ros2_demo1/install/learning_topic_cpp:/home/nxh/ros2_demo1/install/learning_tf_cpp:/home/nxh/ros2_demo1/install/learning_service_cpp:/home/nxh/ros2_demo1/install/learning_pkg_c:/home/nxh/ros2_demo1/install/learning_parameter_cpp:/home/nxh/ros2_demo1/install/learning_node_cpp:/home/nxh/ros2_demo1/install/learning_action_cpp:/home/nxh/ros2_demo1/install/learning_interface:/home/nxh/ros2_demo1/install/demo_nav2_customplanner:/home/nxh/ros2_demo1/install/demo_motion_control:/home/nxh/ros2_demo1/install/demo_cpp_service:/home/nxh/ros2_demo1/install/demo_cpp_qt:/home/nxh/ros2_demo1/install/demo_interface:/home/nxh/ros2_demo1/install/demo_fishbot_description:/home/nxh/ros2_demo1/install/demo_cpp_topic:/home/nxh/ros2_demo1/install/demo_cpp_pkg:/home/nxh/ros2_demo1/install/cv_pkg:/home/nxh/ros2_demo2/install/demo_cpp_qt2:/home/nxh/ros2_demo2/install/demo_cpp_qt1:/home/nxh/ros2_demo2/install/demo_coo_qt2:/home/nxh/ros2_demo2/install/demo_cpp_topic:/home/nxh/ros2_demo1/install/learning_urdf:/home/nxh/ros2_demo1/install/learning_topic:/home/nxh/ros2_demo1/install/learning_tf:/home/nxh/ros2_demo1/install/learning_service:/home/nxh/ros2_demo1/install/learning_qos:/home/nxh/ros2_demo1/install/learning_pkg_python:/home/nxh/ros2_demo1/install/learning_parameter:/home/nxh/ros2_demo1/install/learning_node:/home/nxh/ros2_demo1/install/learning_launch:/home/nxh/ros2_demo1/install/learning_action:/home/nxh/ros2_demo1/install/learning_gazebo_harmonic:/home/nxh/ros2_demo1/install/learning_gazebo:/home/nxh/ros2_demo1/install/learning_cv:/opt/ros/humble LD_LIBRARY_PATH=/home/nxh/ros2_demo2/install/demo_interface/lib:/home/nxh/Qt/6.5.3/gcc_64/lib:/home/nxh/ros2_demo1/install/learning_interface/lib:/home/nxh/ros2_demo1/install/demo_nav2_customplanner/lib:/home/nxh/ros2_demo1/install/demo_motion_control/lib:/home/nxh/ros2_demo1/install/demo_interface/lib:/usr/lib/x86_64-linux-gnu/gazebo-11/plugins:/opt/ros/humble/opt/rviz_ogre_vendor/lib:/opt/ros/humble/lib/x86_64-linux-gnu:/opt/ros/humble/lib:/home/nxh/Qt/6.5.3/gcc_64/lib /usr/bin/cmake --build /home/nxh/ros2_demo2/build/demo_cpp_qt2 -- -j8 -l8
[6.769s] DEBUG:colcon.colcon_core.event_handler.log_command:Invoked command in '/home/nxh/ros2_demo2/build/demo_cpp_qt2' returned '0': CMAKE_PREFIX_PATH=/home/nxh/ros2_demo2/install/demo_interface:/home/nxh/ros2_demo1/install/learning_topic_cpp:/home/nxh/ros2_demo1/install/learning_tf_cpp:/home/nxh/ros2_demo1/install/learning_service_cpp:/home/nxh/ros2_demo1/install/learning_pkg_c:/home/nxh/ros2_demo1/install/learning_parameter_cpp:/home/nxh/ros2_demo1/install/learning_node_cpp:/home/nxh/ros2_demo1/install/learning_action_cpp:/home/nxh/ros2_demo1/install/learning_interface:/home/nxh/ros2_demo1/install/demo_nav2_customplanner:/home/nxh/ros2_demo1/install/demo_motion_control:/home/nxh/ros2_demo1/install/demo_cpp_service:/home/nxh/ros2_demo1/install/demo_cpp_qt:/home/nxh/ros2_demo1/install/demo_interface:/home/nxh/ros2_demo1/install/demo_fishbot_description:/home/nxh/ros2_demo1/install/demo_cpp_topic:/home/nxh/ros2_demo1/install/demo_cpp_pkg:/home/nxh/ros2_demo1/install/cv_pkg:/home/nxh/ros2_demo2/install/demo_cpp_qt2:/home/nxh/ros2_demo2/install/demo_cpp_qt1:/home/nxh/ros2_demo2/install/demo_coo_qt2:/home/nxh/ros2_demo2/install/demo_cpp_topic:/home/nxh/ros2_demo1/install/learning_urdf:/home/nxh/ros2_demo1/install/learning_topic:/home/nxh/ros2_demo1/install/learning_tf:/home/nxh/ros2_demo1/install/learning_service:/home/nxh/ros2_demo1/install/learning_qos:/home/nxh/ros2_demo1/install/learning_pkg_python:/home/nxh/ros2_demo1/install/learning_parameter:/home/nxh/ros2_demo1/install/learning_node:/home/nxh/ros2_demo1/install/learning_launch:/home/nxh/ros2_demo1/install/learning_action:/home/nxh/ros2_demo1/install/learning_gazebo_harmonic:/home/nxh/ros2_demo1/install/learning_gazebo:/home/nxh/ros2_demo1/install/learning_cv:/opt/ros/humble LD_LIBRARY_PATH=/home/nxh/ros2_demo2/install/demo_interface/lib:/home/nxh/Qt/6.5.3/gcc_64/lib:/home/nxh/ros2_demo1/install/learning_interface/lib:/home/nxh/ros2_demo1/install/demo_nav2_customplanner/lib:/home/nxh/ros2_demo1/install/demo_motion_control/lib:/home/nxh/ros2_demo1/install/demo_interface/lib:/usr/lib/x86_64-linux-gnu/gazebo-11/plugins:/opt/ros/humble/opt/rviz_ogre_vendor/lib:/opt/ros/humble/lib/x86_64-linux-gnu:/opt/ros/humble/lib:/home/nxh/Qt/6.5.3/gcc_64/lib /usr/bin/cmake --build /home/nxh/ros2_demo2/build/demo_cpp_qt2 -- -j8 -l8
[6.770s] DEBUG:colcon.colcon_core.event_handler.log_command:Invoking command in '/home/nxh/ros2_demo2/build/demo_cpp_qt2': CMAKE_PREFIX_PATH=/home/nxh/ros2_demo2/install/demo_interface:/home/nxh/ros2_demo1/install/learning_topic_cpp:/home/nxh/ros2_demo1/install/learning_tf_cpp:/home/nxh/ros2_demo1/install/learning_service_cpp:/home/nxh/ros2_demo1/install/learning_pkg_c:/home/nxh/ros2_demo1/install/learning_parameter_cpp:/home/nxh/ros2_demo1/install/learning_node_cpp:/home/nxh/ros2_demo1/install/learning_action_cpp:/home/nxh/ros2_demo1/install/learning_interface:/home/nxh/ros2_demo1/install/demo_nav2_customplanner:/home/nxh/ros2_demo1/install/demo_motion_control:/home/nxh/ros2_demo1/install/demo_cpp_service:/home/nxh/ros2_demo1/install/demo_cpp_qt:/home/nxh/ros2_demo1/install/demo_interface:/home/nxh/ros2_demo1/install/demo_fishbot_description:/home/nxh/ros2_demo1/install/demo_cpp_topic:/home/nxh/ros2_demo1/install/demo_cpp_pkg:/home/nxh/ros2_demo1/install/cv_pkg:/home/nxh/ros2_demo2/install/demo_cpp_qt2:/home/nxh/ros2_demo2/install/demo_cpp_qt1:/home/nxh/ros2_demo2/install/demo_coo_qt2:/home/nxh/ros2_demo2/install/demo_cpp_topic:/home/nxh/ros2_demo1/install/learning_urdf:/home/nxh/ros2_demo1/install/learning_topic:/home/nxh/ros2_demo1/install/learning_tf:/home/nxh/ros2_demo1/install/learning_service:/home/nxh/ros2_demo1/install/learning_qos:/home/nxh/ros2_demo1/install/learning_pkg_python:/home/nxh/ros2_demo1/install/learning_parameter:/home/nxh/ros2_demo1/install/learning_node:/home/nxh/ros2_demo1/install/learning_launch:/home/nxh/ros2_demo1/install/learning_action:/home/nxh/ros2_demo1/install/learning_gazebo_harmonic:/home/nxh/ros2_demo1/install/learning_gazebo:/home/nxh/ros2_demo1/install/learning_cv:/opt/ros/humble LD_LIBRARY_PATH=/home/nxh/ros2_demo2/install/demo_interface/lib:/home/nxh/Qt/6.5.3/gcc_64/lib:/home/nxh/ros2_demo1/install/learning_interface/lib:/home/nxh/ros2_demo1/install/demo_nav2_customplanner/lib:/home/nxh/ros2_demo1/install/demo_motion_control/lib:/home/nxh/ros2_demo1/install/demo_interface/lib:/usr/lib/x86_64-linux-gnu/gazebo-11/plugins:/opt/ros/humble/opt/rviz_ogre_vendor/lib:/opt/ros/humble/lib/x86_64-linux-gnu:/opt/ros/humble/lib:/home/nxh/Qt/6.5.3/gcc_64/lib /usr/bin/cmake --install /home/nxh/ros2_demo2/build/demo_cpp_qt2
[6.786s] Level 1:colcon.colcon_core.environment:create_environment_scripts_only(demo_cpp_qt2)
[6.786s] DEBUG:colcon.colcon_core.event_handler.log_command:Invoked command in '/home/nxh/ros2_demo2/build/demo_cpp_qt2' returned '0': CMAKE_PREFIX_PATH=/home/nxh/ros2_demo2/install/demo_interface:/home/nxh/ros2_demo1/install/learning_topic_cpp:/home/nxh/ros2_demo1/install/learning_tf_cpp:/home/nxh/ros2_demo1/install/learning_service_cpp:/home/nxh/ros2_demo1/install/learning_pkg_c:/home/nxh/ros2_demo1/install/learning_parameter_cpp:/home/nxh/ros2_demo1/install/learning_node_cpp:/home/nxh/ros2_demo1/install/learning_action_cpp:/home/nxh/ros2_demo1/install/learning_interface:/home/nxh/ros2_demo1/install/demo_nav2_customplanner:/home/nxh/ros2_demo1/install/demo_motion_control:/home/nxh/ros2_demo1/install/demo_cpp_service:/home/nxh/ros2_demo1/install/demo_cpp_qt:/home/nxh/ros2_demo1/install/demo_interface:/home/nxh/ros2_demo1/install/demo_fishbot_description:/home/nxh/ros2_demo1/install/demo_cpp_topic:/home/nxh/ros2_demo1/install/demo_cpp_pkg:/home/nxh/ros2_demo1/install/cv_pkg:/home/nxh/ros2_demo2/install/demo_cpp_qt2:/home/nxh/ros2_demo2/install/demo_cpp_qt1:/home/nxh/ros2_demo2/install/demo_coo_qt2:/home/nxh/ros2_demo2/install/demo_cpp_topic:/home/nxh/ros2_demo1/install/learning_urdf:/home/nxh/ros2_demo1/install/learning_topic:/home/nxh/ros2_demo1/install/learning_tf:/home/nxh/ros2_demo1/install/learning_service:/home/nxh/ros2_demo1/install/learning_qos:/home/nxh/ros2_demo1/install/learning_pkg_python:/home/nxh/ros2_demo1/install/learning_parameter:/home/nxh/ros2_demo1/install/learning_node:/home/nxh/ros2_demo1/install/learning_launch:/home/nxh/ros2_demo1/install/learning_action:/home/nxh/ros2_demo1/install/learning_gazebo_harmonic:/home/nxh/ros2_demo1/install/learning_gazebo:/home/nxh/ros2_demo1/install/learning_cv:/opt/ros/humble LD_LIBRARY_PATH=/home/nxh/ros2_demo2/install/demo_interface/lib:/home/nxh/Qt/6.5.3/gcc_64/lib:/home/nxh/ros2_demo1/install/learning_interface/lib:/home/nxh/ros2_demo1/install/demo_nav2_customplanner/lib:/home/nxh/ros2_demo1/install/demo_motion_control/lib:/home/nxh/ros2_demo1/install/demo_interface/lib:/usr/lib/x86_64-linux-gnu/gazebo-11/plugins:/opt/ros/humble/opt/rviz_ogre_vendor/lib:/opt/ros/humble/lib/x86_64-linux-gnu:/opt/ros/humble/lib:/home/nxh/Qt/6.5.3/gcc_64/lib /usr/bin/cmake --install /home/nxh/ros2_demo2/build/demo_cpp_qt2
[6.786s] Level 1:colcon.colcon_core.environment:checking '/home/nxh/ros2_demo2/install/demo_cpp_qt2' for CMake module files
[6.787s] Level 1:colcon.colcon_core.environment:checking '/home/nxh/ros2_demo2/install/demo_cpp_qt2' for CMake config files
[6.787s] Level 1:colcon.colcon_core.shell:create_environment_hook('demo_cpp_qt2', 'cmake_prefix_path')
[6.787s] INFO:colcon.colcon_core.shell:Creating environment descriptor '/home/nxh/ros2_demo2/install/demo_cpp_qt2/share/demo_cpp_qt2/hook/cmake_prefix_path.dsv'
[6.787s] INFO:colcon.colcon_core.shell:Creating environment hook '/home/nxh/ros2_demo2/install/demo_cpp_qt2/share/demo_cpp_qt2/hook/cmake_prefix_path.sh'
[6.788s] Level 1:colcon.colcon_core.environment:checking '/home/nxh/ros2_demo2/install/demo_cpp_qt2/lib'
[6.788s] Level 1:colcon.colcon_core.environment:checking '/home/nxh/ros2_demo2/install/demo_cpp_qt2/bin'
[6.788s] Level 1:colcon.colcon_core.environment:checking '/home/nxh/ros2_demo2/install/demo_cpp_qt2/lib/pkgconfig/demo_cpp_qt2.pc'
[6.788s] Level 1:colcon.colcon_core.environment:checking '/home/nxh/ros2_demo2/install/demo_cpp_qt2/lib/python3.10/site-packages'
[6.788s] Level 1:colcon.colcon_core.environment:checking '/home/nxh/ros2_demo2/install/demo_cpp_qt2/bin'
[6.788s] INFO:colcon.colcon_core.shell:Creating package descriptor '/home/nxh/ros2_demo2/install/demo_cpp_qt2/share/demo_cpp_qt2/package.dsv'
[6.789s] INFO:colcon.colcon_core.shell:Creating package script '/home/nxh/ros2_demo2/install/demo_cpp_qt2/share/demo_cpp_qt2/package.sh'
[6.789s] Level 1:colcon.colcon_core.environment:create_file_with_runtime_dependencies(/home/nxh/ros2_demo2/install/demo_cpp_qt2/share/colcon-core/packages/demo_cpp_qt2)
[6.789s] Level 1:colcon.colcon_core.environment:create_environment_scripts_only(demo_cpp_qt2)
[6.789s] Level 1:colcon.colcon_core.environment:checking '/home/nxh/ros2_demo2/install/demo_cpp_qt2' for CMake module files
[6.790s] Level 1:colcon.colcon_core.environment:checking '/home/nxh/ros2_demo2/install/demo_cpp_qt2' for CMake config files
[6.790s] Level 1:colcon.colcon_core.shell:create_environment_hook('demo_cpp_qt2', 'cmake_prefix_path')
[6.790s] INFO:colcon.colcon_core.shell:Creating environment descriptor '/home/nxh/ros2_demo2/install/demo_cpp_qt2/share/demo_cpp_qt2/hook/cmake_prefix_path.dsv'
[6.790s] INFO:colcon.colcon_core.shell:Creating environment hook '/home/nxh/ros2_demo2/install/demo_cpp_qt2/share/demo_cpp_qt2/hook/cmake_prefix_path.sh'
[6.791s] Level 1:colcon.colcon_core.environment:checking '/home/nxh/ros2_demo2/install/demo_cpp_qt2/lib'
[6.791s] Level 1:colcon.colcon_core.environment:checking '/home/nxh/ros2_demo2/install/demo_cpp_qt2/bin'
[6.791s] Level 1:colcon.colcon_core.environment:checking '/home/nxh/ros2_demo2/install/demo_cpp_qt2/lib/pkgconfig/demo_cpp_qt2.pc'
[6.791s] Level 1:colcon.colcon_core.environment:checking '/home/nxh/ros2_demo2/install/demo_cpp_qt2/lib/python3.10/site-packages'
[6.791s] Level 1:colcon.colcon_core.environment:checking '/home/nxh/ros2_demo2/install/demo_cpp_qt2/bin'
[6.791s] INFO:colcon.colcon_core.shell:Creating package descriptor '/home/nxh/ros2_demo2/install/demo_cpp_qt2/share/demo_cpp_qt2/package.dsv'
[6.791s] INFO:colcon.colcon_core.shell:Creating package script '/home/nxh/ros2_demo2/install/demo_cpp_qt2/share/demo_cpp_qt2/package.sh'
[6.792s] Level 1:colcon.colcon_core.environment:create_file_with_runtime_dependencies(/home/nxh/ros2_demo2/install/demo_cpp_qt2/share/colcon-core/packages/demo_cpp_qt2)
[6.792s] DEBUG:colcon.colcon_core.executor.sequential:run_until_complete 'demo_cpp_qt2' finished with '0'
[6.792s] DEBUG:colcon.colcon_core.executor.sequential:closing loop
[6.792s] DEBUG:colcon.colcon_core.executor.sequential:loop closed
[6.792s] DEBUG:colcon.colcon_core.event_reactor:joining thread
[6.793s] DEBUG:colcon.colcon_core.event_reactor:joined thread
[6.793s] INFO:colcon.colcon_core.shell:Creating prefix script '/home/nxh/ros2_demo2/install/local_setup.sh'
[6.793s] INFO:colcon.colcon_core.shell:Creating prefix util module '/home/nxh/ros2_demo2/install/_local_setup_util_sh.py'
[6.794s] INFO:colcon.colcon_core.shell:Creating prefix chain script '/home/nxh/ros2_demo2/install/setup.sh'
